0 info it worked if it ends with ok
1 verbose cli [ '/home/pjce/.nvm/versions/node/v5.10.1/bin/node',
1 verbose cli   '/home/pjce/.nvm/versions/node/v5.10.1/bin/npm',
1 verbose cli   'start' ]
2 info using npm@3.8.6
3 info using node@v5.10.1
4 verbose run-script [ 'prestart', 'start', 'poststart' ]
5 info lifecycle pjce-app@0.0.0~prestart: pjce-app@0.0.0
6 silly lifecycle pjce-app@0.0.0~prestart: no script for prestart, continuing
7 info lifecycle pjce-app@0.0.0~start: pjce-app@0.0.0
8 verbose lifecycle pjce-app@0.0.0~start: unsafe-perm in lifecycle true
9 verbose lifecycle pjce-app@0.0.0~start: PATH: /home/pjce/.nvm/versions/node/v5.10.1/lib/node_modules/npm/bin/node-gyp-bin:/home/pjce/code/nodeplay/pjce-app/node_modules/.bin:/home/pjce/.nvm/versions/node/v5.10.1/bin:/home/pjce/.nvm/versions/node/v5.10.1/bin:/usr/local/heroku/bin:/home/pjce/.rbenv/shims:/home/pjce/oc/openc_qa/openc_qa_scripts:/home/pjce/.rbenv/bin:/usr/local/sbin:/usr/local/bin:/usr/sbin:/usr/bin:/sbin:/bin:/usr/games:/usr/local/games:/home/pjce/bin:/usr/local/java/jdk1.8.0_20/bin
10 verbose lifecycle pjce-app@0.0.0~start: CWD: /home/pjce/code/nodeplay/pjce-app
11 silly lifecycle pjce-app@0.0.0~start: Args: [ '-c', 'node ./bin/www' ]
12 silly lifecycle pjce-app@0.0.0~start: Returned: code: 1  signal: null
13 info lifecycle pjce-app@0.0.0~start: Failed to exec start script
14 verbose stack Error: pjce-app@0.0.0 start: `node ./bin/www`
14 verbose stack Exit status 1
14 verbose stack     at EventEmitter.<anonymous> (/home/pjce/.nvm/versions/node/v5.10.1/lib/node_modules/npm/lib/utils/lifecycle.js:239:16)
14 verbose stack     at emitTwo (events.js:100:13)
14 verbose stack     at EventEmitter.emit (events.js:185:7)
14 verbose stack     at ChildProcess.<anonymous> (/home/pjce/.nvm/versions/node/v5.10.1/lib/node_modules/npm/lib/utils/spawn.js:24:14)
14 verbose stack     at emitTwo (events.js:100:13)
14 verbose stack     at ChildProcess.emit (events.js:185:7)
14 verbose stack     at maybeClose (internal/child_process.js:850:16)
14 verbose stack     at Process.ChildProcess._handle.onexit (internal/child_process.js:215:5)
15 verbose pkgid pjce-app@0.0.0
16 verbose cwd /home/pjce/code/nodeplay/pjce-app
17 error Linux 3.13.0-85-generic
18 error argv "/home/pjce/.nvm/versions/node/v5.10.1/bin/node" "/home/pjce/.nvm/versions/node/v5.10.1/bin/npm" "start"
19 error node v5.10.1
20 error npm  v3.8.6
21 error code ELIFECYCLE
22 error pjce-app@0.0.0 start: `node ./bin/www`
22 error Exit status 1
23 error Failed at the pjce-app@0.0.0 start script 'node ./bin/www'.
23 error Make sure you have the latest version of node.js and npm installed.
23 error If you do, this is most likely a problem with the pjce-app package,
23 error not with npm itself.
23 error Tell the author that this fails on your system:
23 error     node ./bin/www
23 error You can get information on how to open an issue for this project with:
23 error     npm bugs pjce-app
23 error Or if that isn't available, you can get their info via:
23 error     npm owner ls pjce-app
23 error There is likely additional logging output above.
24 verbose exit [ 1, true ]
